<?xml version="1.0" encoding="UTF-8"?>
<testsuite name="com.automation.features.CrearPersonaFeature" tests="1" skipped="0" failures="0" errors="0" timestamp="2026-06-10T14:26:01.995Z" hostname="jeferson-vega" time="0.902">
  <properties/>
  <testcase name="crearPersona()" classname="com.automation.features.CrearPersonaFeature" time="0.895"/>
  <system-out><![CDATA[Request method:	POST
Request URI:	https://gorest.co.in/public/v2/users
Proxy:			<none>
Request params:	<none>
Query params:	<none>
Form params:	<none>
Path params:	<none>
Headers:		Authorization=Bearer ecf1c46e8359fbdbff14869ac8a7880b99d6b1564e9675843e6665d0061ba199
				Accept=*/*
				Content-Type=application/json
Cookies:		<none>
Multiparts:		<none>
Body:
{
    "name": "Eugene",
    "email": "marylouise.padberg@hotmail.com",
    "gender": "Female",
    "status": "inactive"
}
Request method:	POST
Request URI:	https://gorest.co.in/public/v2/users
Proxy:			<none>
Request params:	<none>
Query params:	<none>
Form params:	<none>
Path params:	<none>
Headers:		Authorization=Bearer ecf1c46e8359fbdbff14869ac8a7880b99d6b1564e9675843e6665d0061ba199
				Accept=*/*
				Content-Type=application/json
Cookies:		<none>
Multiparts:		<none>
Body:
{
    "name": "Eugene",
    "email": "marylouise.padberg@hotmail.com",
    "gender": "Female",
    "status": "inactive"
}
HTTP/1.1 201 Created
Date: Wed, 10 Jun 2026 14:26:02 GMT
Content-Type: application/json; charset=utf-8
Connection: keep-alive
Cache-Control: max-age=0, private, must-revalidate
Content-Security-Policy-Report-Only: default-src 'self'; script-src 'self' https://pagead2.googlesyndication.com 'nonce-zbxjWhkBFM5KzpniMCU+5g=='; style-src 'self' 'unsafe-inline' https://fonts.googleapis.com; img-src 'self' data: https:; font-src 'self' https://fonts.gstatic.com; connect-src 'self' https://pagead2.googlesyndication.com https://ep1.adtrafficquality.google; frame-src https://googleads.g.doubleclick.net https://ep2.adtrafficquality.google https://www.google.com; object-src 'none'; frame-ancestors 'none'; base-uri 'self'; form-action 'self'
Etag: W/"04e0e677693d50f195d20957f03bcd7d"
Feature-Policy: camera 'none'; gyroscope 'none'; microphone 'none'; usb 'none'; fullscreen 'self'
Location: https://gorest.co.in/public/v2/users/8500117
Referrer-Policy: strict-origin-when-cross-origin
Strict-Transport-Security: max-age=63072000; includeSubDomains
Vary: Origin
X-Content-Type-Options: nosniff
X-Frame-Options: SAMEORIGIN
X-Permitted-Cross-Domain-Policies: none
X-Ratelimit-Limit: 300
X-Ratelimit-Remaining: 299
X-Ratelimit-Reset: 0
X-Request-Id: 1dcb468c-198e-4740-82e9-254aa673ff65
X-Runtime: 0.108706
X-Xss-Protection: 0
Nel: {"report_to":"cf-nel","success_fraction":0.0,"max_age":604800}
Cf-Cache-Status: DYNAMIC
Report-To: {"group":"cf-nel","max_age":604800,"endpoints":[{"url":"https://a.nel.cloudflare.com/report/v4?s=JisDgvemCQARt8LzBEC55us2TpLos6wcntC7wuZKKsozlgDs%2Bjf3775Q6LGxD82fBoW8mXIDrGdS4EBthOdgMK%2FcxUqLhlxtvinqONXWVKGqMF5HeARaRURC07CMDn4%3D"}]}
Server: cloudflare
CF-RAY: a0990c7db8fd6d1f-MIA
Content-Length: 109

{
    "id": 8500117,
    "name": "Eugene",
    "email": "marylouise.padberg@hotmail.com",
    "gender": "female",
    "status": "inactive"
}
]]></system-out>
  <system-err><![CDATA[]]></system-err>
</testsuite>
