<?xml version="1.0" encoding="UTF-8"?>
<testsuite name="com.automation.features.ActualizarUsuarioFeature" tests="1" skipped="0" failures="0" errors="0" timestamp="2026-05-27T20:52:15.909Z" hostname="jeferson-vega" time="3.55">
  <properties/>
  <testcase name="actualizarUsuarioMethod()" classname="com.automation.features.ActualizarUsuarioFeature" time="3.271"/>
  <system-out><![CDATA[Request method:	PUT
Request URI:	https://gorest.co.in/public/v2/users/8480476
Proxy:			<none>
Request params:	<none>
Query params:	<none>
Form params:	<none>
Path params:	<none>
Headers:		Authorization=Bearer ecf1c46e8359fbdbff14869ac8a7880b99d6b1564e9675843e6665d0061ba199
				Accept=*/*
				Content-Type=application/json
Cookies:		<none>
Multiparts:		<none>
Body:
{
    "name": "Boyce",
    "email": "lawerence.hammes@yahoo.com",
    "gender": "Male",
    "status": "inactive"
}
Request method:	PUT
Request URI:	https://gorest.co.in/public/v2/users/8480476
Proxy:			<none>
Request params:	<none>
Query params:	<none>
Form params:	<none>
Path params:	<none>
Headers:		Authorization=Bearer ecf1c46e8359fbdbff14869ac8a7880b99d6b1564e9675843e6665d0061ba199
				Accept=*/*
				Content-Type=application/json
Cookies:		<none>
Multiparts:		<none>
Body:
{
    "name": "Boyce",
    "email": "lawerence.hammes@yahoo.com",
    "gender": "Male",
    "status": "inactive"
}
HTTP/1.1 200 OK
Date: Wed, 27 May 2026 20:52:19 GMT
Content-Type: application/json; charset=utf-8
Connection: keep-alive
Cache-Control: max-age=0, private, must-revalidate
content-security-policy-report-only: default-src 'self'; script-src 'self' https://pagead2.googlesyndication.com 'nonce-u7cRtQebY6RkCjtW6zovhQ=='; style-src 'self' 'unsafe-inline' https://fonts.googleapis.com; img-src 'self' data: https:; font-src 'self' https://fonts.gstatic.com; connect-src 'self' https://pagead2.googlesyndication.com https://ep1.adtrafficquality.google; frame-src https://googleads.g.doubleclick.net https://ep2.adtrafficquality.google https://www.google.com; object-src 'none'; frame-ancestors 'none'; base-uri 'self'; form-action 'self'
etag: W/"689ebe7672a5b2ce905b64e4377bcfca"
feature-policy: camera 'none'; gyroscope 'none'; microphone 'none'; usb 'none'; fullscreen 'self'
referrer-policy: strict-origin-when-cross-origin
strict-transport-security: max-age=63072000; includeSubDomains
vary: Origin
x-content-type-options: nosniff
x-frame-options: SAMEORIGIN
x-permitted-cross-domain-policies: none
x-ratelimit-limit: 90
x-ratelimit-remaining: 89
x-ratelimit-reset: 1
x-request-id: 9ad51fbb-6aee-4e23-bfe0-053191d24e29
x-runtime: 0.078628
x-xss-protection: 0
Nel: {"report_to":"cf-nel","success_fraction":0.0,"max_age":604800}
cf-cache-status: DYNAMIC
Report-To: {"group":"cf-nel","max_age":604800,"endpoints":[{"url":"https://a.nel.cloudflare.com/report/v4?s=3MnMLeVLB3tqtJyseaGDRkUQarZc1XCd3OS5eSJ4azRyz8umFj%2FhejHZBT%2F66fUQvz6i9%2F4ai4TQoDJbQl2%2FsuiVs3JAaKMEY9JzDaH3L%2BDA5v5iwsMSNtgLQdwHqSo%3D"}]}
Content-Encoding: gzip
Server: cloudflare
CF-RAY: a027e70ebdab6978-MIA
Content-Length: 108

{
    "id": 8480476,
    "name": "Boyce",
    "email": "lawerence.hammes@yahoo.com",
    "gender": "male",
    "status": "inactive"
}
]]></system-out>
  <system-err><![CDATA[]]></system-err>
</testsuite>
