<?xml version="1.0" encoding="UTF-8"?>
<testsuite name="com.automation.features.EliminarUsuarioFeature" tests="1" skipped="0" failures="1" errors="0" timestamp="2026-05-27T20:52:20.863Z" hostname="jeferson-vega" time="1.329">
  <properties/>
  <testcase name="eliminarUsuario()" classname="com.automation.features.EliminarUsuarioFeature" time="1.321">
    <failure message="java.lang.AssertionError: &#10;Expected: is &lt;204&gt;&#10;     but: was &lt;404&gt;" type="java.lang.AssertionError">java.lang.AssertionError: 
Expected: is &lt;204&gt;
     but: was &lt;404&gt;
	at org.hamcrest.MatcherAssert.assertThat(MatcherAssert.java:20)
	at org.hamcrest.MatcherAssert.assertThat(MatcherAssert.java:6)
	at net.serenitybdd.screenplay.QuestionConsequence.evaluateFor(QuestionConsequence.java:49)
	at net.serenitybdd.screenplay.Actor.check(Actor.java:420)
	at net.serenitybdd.screenplay.Actor.should(Actor.java:392)
	at com.automation.features.EliminarUsuarioFeature.eliminarUsuario(EliminarUsuarioFeature.java:31)
	at java.base/java.lang.reflect.Method.invoke(Method.java:580)
	at java.base/java.util.ArrayList.forEach(ArrayList.java:1596)
	at java.base/java.util.ArrayList.forEach(ArrayList.java:1596)
</failure>
  </testcase>
  <system-out><![CDATA[Request method:	DELETE
Request URI:	https://gorest.co.in/public/v2/users/8480534
Proxy:			<none>
Request params:	<none>
Query params:	<none>
Form params:	<none>
Path params:	<none>
Headers:		Authorization=Bearer ecf1c46e8359fbdbff14869ac8a7880b99d6b1564e9675843e6665d0061ba199
				Accept=*/*
				Content-Type=application/json
Cookies:		<none>
Multiparts:		<none>
Body:			<none>
Request method:	DELETE
Request URI:	https://gorest.co.in/public/v2/users/8480534
Proxy:			<none>
Request params:	<none>
Query params:	<none>
Form params:	<none>
Path params:	<none>
Headers:		Authorization=Bearer ecf1c46e8359fbdbff14869ac8a7880b99d6b1564e9675843e6665d0061ba199
				Accept=*/*
				Content-Type=application/json
Cookies:		<none>
Multiparts:		<none>
Body:			<none>
HTTP/1.1 404 Not Found
Date: Wed, 27 May 2026 20:52:22 GMT
Content-Type: application/json; charset=utf-8
Connection: keep-alive
Cache-Control: no-cache
content-security-policy-report-only: default-src 'self'; script-src 'self' https://pagead2.googlesyndication.com 'nonce-6buJe/8KrE8tPZIw09zYmg=='; style-src 'self' 'unsafe-inline' https://fonts.googleapis.com; img-src 'self' data: https:; font-src 'self' https://fonts.gstatic.com; connect-src 'self' https://pagead2.googlesyndication.com https://ep1.adtrafficquality.google; frame-src https://googleads.g.doubleclick.net https://ep2.adtrafficquality.google https://www.google.com; object-src 'none'; frame-ancestors 'none'; base-uri 'self'; form-action 'self'
feature-policy: camera 'none'; gyroscope 'none'; microphone 'none'; usb 'none'; fullscreen 'self'
referrer-policy: strict-origin-when-cross-origin
strict-transport-security: max-age=63072000; includeSubDomains
vary: Origin
x-content-type-options: nosniff
x-frame-options: SAMEORIGIN
x-permitted-cross-domain-policies: none
x-ratelimit-limit: 90
x-ratelimit-remaining: 89
x-ratelimit-reset: 1
x-request-id: f7424beb-a248-4c85-951d-e011c0ca119d
x-runtime: 0.018708
x-xss-protection: 0
Nel: {"report_to":"cf-nel","success_fraction":0.0,"max_age":604800}
cf-cache-status: DYNAMIC
Report-To: {"group":"cf-nel","max_age":604800,"endpoints":[{"url":"https://a.nel.cloudflare.com/report/v4?s=AasQ357Bk%2FgLGrBwAxotu%2BD1y83SQRr7b349Z%2F04IIZAAu1OOVKI7j7q1FpMG8wzfgh3UN2cYbIWNlphyaHStArLZ%2Bk%2BpCH4R1TVJCTuBFyAXtcNaESfTb4rjdTrvjc%3D"}]}
Server: cloudflare
CF-RAY: a027e7208da7da26-MIA
Content-Length: 32

{
    "message": "Resource not found"
}
]]></system-out>
  <system-err><![CDATA[]]></system-err>
</testsuite>
