<?xml version="1.0" encoding="UTF-8"?>
<testsuite name="com.automation.features.ActualizarUsuarioFeature" tests="1" skipped="0" failures="0" errors="0" timestamp="2026-06-10T14:25:58.470Z" hostname="jeferson-vega" time="3.429">
  <properties/>
  <testcase name="actualizarUsuarioMethod()" classname="com.automation.features.ActualizarUsuarioFeature" time="2.941"/>
  <system-out><![CDATA[Request method:	PUT
Request URI:	https://gorest.co.in/public/v2/users/8499444
Proxy:			<none>
Request params:	<none>
Query params:	<none>
Form params:	<none>
Path params:	<none>
Headers:		Authorization=Bearer ecf1c46e8359fbdbff14869ac8a7880b99d6b1564e9675843e6665d0061ba199
				Accept=*/*
				Content-Type=application/json
Cookies:		<none>
Multiparts:		<none>
Body:
{
    "name": "Jay",
    "email": "solomon.kling@yahoo.com",
    "gender": "Male",
    "status": "inactive"
}
Request method:	PUT
Request URI:	https://gorest.co.in/public/v2/users/8499444
Proxy:			<none>
Request params:	<none>
Query params:	<none>
Form params:	<none>
Path params:	<none>
Headers:		Authorization=Bearer ecf1c46e8359fbdbff14869ac8a7880b99d6b1564e9675843e6665d0061ba199
				Accept=*/*
				Content-Type=application/json
Cookies:		<none>
Multiparts:		<none>
Body:
{
    "name": "Jay",
    "email": "solomon.kling@yahoo.com",
    "gender": "Male",
    "status": "inactive"
}
HTTP/1.1 200 OK
Date: Wed, 10 Jun 2026 14:26:01 GMT
Content-Type: application/json; charset=utf-8
Connection: keep-alive
Cache-Control: max-age=0, private, must-revalidate
Content-Security-Policy-Report-Only: default-src 'self'; script-src 'self' https://pagead2.googlesyndication.com 'nonce-vCENOeO50ncFoSXpPxJX9w=='; style-src 'self' 'unsafe-inline' https://fonts.googleapis.com; img-src 'self' data: https:; font-src 'self' https://fonts.gstatic.com; connect-src 'self' https://pagead2.googlesyndication.com https://ep1.adtrafficquality.google; frame-src https://googleads.g.doubleclick.net https://ep2.adtrafficquality.google https://www.google.com; object-src 'none'; frame-ancestors 'none'; base-uri 'self'; form-action 'self'
Etag: W/"c726f37989aeaa2fd7b352727929ce58"
Feature-Policy: camera 'none'; gyroscope 'none'; microphone 'none'; usb 'none'; fullscreen 'self'
Referrer-Policy: strict-origin-when-cross-origin
Strict-Transport-Security: max-age=63072000; includeSubDomains
Vary: Origin
X-Content-Type-Options: nosniff
X-Frame-Options: SAMEORIGIN
X-Permitted-Cross-Domain-Policies: none
X-Ratelimit-Limit: 300
X-Ratelimit-Remaining: 299
X-Ratelimit-Reset: 0
X-Request-Id: 4e45d7cb-60d9-473c-847c-40d64b1129f2
X-Runtime: 0.093565
X-Xss-Protection: 0
Nel: {"report_to":"cf-nel","success_fraction":0.0,"max_age":604800}
Cf-Cache-Status: DYNAMIC
Report-To: {"group":"cf-nel","max_age":604800,"endpoints":[{"url":"https://a.nel.cloudflare.com/report/v4?s=rpyPWG0ORSA5cZdeufnIe6V9vnJ7NLhVaha2I2L2wNlrOe%2F%2FYWbj4CalcKgE5lV74HroyauqwGMyF3KwyM2YKKtBYVIjrgrJ%2F%2BSdgz4bjJSwYh%2F4%2FtL%2FEweMXpBaCgY%3D"}]}
Content-Encoding: gzip
Server: cloudflare
CF-RAY: a0990c744e257a26-MIA
Content-Length: 103

{
    "id": 8499444,
    "name": "Jay",
    "email": "solomon.kling@yahoo.com",
    "gender": "male",
    "status": "inactive"
}
]]></system-out>
  <system-err><![CDATA[]]></system-err>
</testsuite>
