<?xml version="1.0" encoding="UTF-8" standalone="no"?><testsuite errors="0" failures="1" name="com.automation.features.ActualizarUsuarioFeature" skipped="0" tests="1" time="2.26" timestamp="2026-06-10 02:49:14"><testcase classname="com.automation.features.ActualizarUsuarioFeature" name="Actualizar usuario method"><failure message="&#10;Expected: is &lt;200&gt;&#10;     but: was &lt;404&gt;" type="java.lang.AssertionError">
Expected: is &lt;200&gt;
     but: was &lt;404&gt;</failure><system-err>
Expected: is &lt;200&gt;
     but: was &lt;404&gt;
com.automation.features.ActualizarUsuarioFeature.actualizarUsuarioMethod(ActualizarUsuarioFeature.java:39)
worker.org.gradle.process.internal.worker.GradleWorkerMain.run(GradleWorkerMain.java:69)
worker.org.gradle.process.internal.worker.GradleWorkerMain.main(GradleWorkerMain.java:74)
</system-err></testcase></testsuite>