<?xml version="1.0" encoding="UTF-8" standalone="no"?><testsuite errors="0" failures="1" name="com.automation.features.EliminarUsuarioTest" skipped="0" tests="1" time="0.85" timestamp="2026-06-10 02:49:19"><testcase classname="com.automation.features.EliminarUsuarioTest" name="Eliminar usuario"><failure message="&#10;Expected: is &lt;204&gt;&#10;     but: was &lt;404&gt;" type="java.lang.AssertionError">
Expected: is &lt;204&gt;
     but: was &lt;404&gt;</failure><system-err>
Expected: is &lt;204&gt;
     but: was &lt;404&gt;
com.automation.features.EliminarUsuarioTest.eliminarUsuario(EliminarUsuarioTest.java:31)
worker.org.gradle.process.internal.worker.GradleWorkerMain.run(GradleWorkerMain.java:69)
worker.org.gradle.process.internal.worker.GradleWorkerMain.main(GradleWorkerMain.java:74)
</system-err></testcase></testsuite>